This is e-pTeX, Version 3.14159265-p3.8.0-180226-2.6 (utf8.sjis) (TeX Live 2018/W32TeX) (preloaded format=platex 2019.1.8)  14 JAN 2019 21:06
entering extended mode
 restricted \write18 enabled.
 %&-line parsing enabled.
**c:/Users/defalt/Documents/GitHub/Git/soturon/main
(c:/Users/defalt/Documents/GitHub/Git/soturon/main.tex
pLaTeX2e <2018-04-01>+1 (based on LaTeX2e <2018-04-01> patch level 2)
Babel <3.18> and hyphenation patterns for 84 language(s) loaded.
(./funthesis.cls
Document Class: funthesis 2004/11/10 v1.50 FUN Thesis pLaTeX class
\c@@paper=\count83
(c:/texlive/2018/texmf-dist/tex/platex/base/jsize11.clo
File: jsize11.clo 2018/02/04 v1.7h Standard pLaTeX file (size option)
)
\c@part=\count84
\c@chapter=\count85
\c@section=\count86
\c@subsection=\count87
\c@subsubsection=\count88
\c@paragraph=\count89
\c@subparagraph=\count90
\c@figure=\count91
\c@table=\count92
\abovecaptionskip=\skip41
\belowcaptionskip=\skip42
\symmincho=\mathgroup4
LaTeX Font Info:    Overwriting symbol font `mincho' in version `bold'
(Font)                  JY1/mc/m/n --> JY1/gt/m/n on input line 811.
\toclineskip=\dimen118
\@lnumwidth=\dimen119
\bibindent=\dimen120
\heisei=\count93
\heiseinendo=\count94
\yearnendo=\count95
) (c:/texlive/2018/texmf-dist/tex/latex/graphics/graphicx.sty
Package: graphicx 2017/06/01 v1.1a Enhanced LaTeX Graphics (DPC,SPQR)
 (c:/texlive/2018/texmf-dist/tex/latex/graphics/keyval.sty
Package: keyval 2014/10/28 v1.15 key=value parser (DPC)
\KV@toks@=\toks15
) (c:/texlive/2018/texmf-dist/tex/latex/graphics/graphics.sty
Package: graphics 2017/06/25 v1.2c Standard LaTeX Graphics (DPC,SPQR)
 (c:/texlive/2018/texmf-dist/tex/latex/graphics/trig.sty
Package: trig 2016/01/03 v1.10 sin cos tan (DPC)
) (c:/texlive/2018/texmf-dist/tex/latex/graphics-cfg/graphics.cfg
File: graphics.cfg 2016/06/04 v1.11 sample graphics configuration
)
Package graphics Info: Driver file: dvips.def on input line 99.
 (c:/texlive/2018/texmf-dist/tex/latex/graphics-def/dvips.def
File: dvips.def 2017/06/20 v3.1d Graphics/color driver for dvips
))
\Gin@req@height=\dimen121
\Gin@req@width=\dimen122
)
\@input{Structure/Author.aux}
\openout2 = `Structure/Author.aux'.

(./Structure/Author.tex)
No file main.aux.
\openout1 = `main.aux'.

LaTeX Font Info:    Checking defaults for OML/cmm/m/it on input line 10.
LaTeX Font Info:    ... okay on input line 10.
LaTeX Font Info:    Checking defaults for T1/cmr/m/n on input line 10.
LaTeX Font Info:    ... okay on input line 10.
LaTeX Font Info:    Checking defaults for OT1/cmr/m/n on input line 10.
LaTeX Font Info:    ... okay on input line 10.
LaTeX Font Info:    Checking defaults for OMS/cmsy/m/n on input line 10.
LaTeX Font Info:    ... okay on input line 10.
LaTeX Font Info:    Checking defaults for OMX/cmex/m/n on input line 10.
LaTeX Font Info:    ... okay on input line 10.
LaTeX Font Info:    Checking defaults for U/cmr/m/n on input line 10.
LaTeX Font Info:    ... okay on input line 10.
LaTeX Font Info:    Checking defaults for JY1/mc/m/n on input line 10.
LaTeX Font Info:    ... okay on input line 10.
LaTeX Font Info:    Checking defaults for JT1/mc/m/n on input line 10.
LaTeX Font Info:    ... okay on input line 10.
\openout2 = `Structure/Overview.aux'.

(./Structure/Overview.tex
LaTeX Font Info:    Font shape `JT1/mc/bx/n' in size <10.95> not available
(Font)              Font shape `JT1/gt/m/n' tried instead on input line 1.
LaTeX Font Info:    Font shape `JY1/mc/bx/n' in size <10.95> not available
(Font)              Font shape `JY1/gt/m/n' tried instead on input line 1.
LaTeX Font Info:    Font shape `JT1/mc/bx/n' in size <12> not available
(Font)              Font shape `JT1/gt/m/n' tried instead on input line 1.
LaTeX Font Info:    Font shape `JY1/mc/bx/n' in size <12> not available
(Font)              Font shape `JY1/gt/m/n' tried instead on input line 1.
LaTeX Font Info:    Font shape `JT1/mc/bx/n' in size <17.28> not available
(Font)              Font shape `JT1/gt/m/n' tried instead on input line 1.
LaTeX Font Info:    Font shape `JY1/mc/bx/n' in size <17.28> not available
(Font)              Font shape `JY1/gt/m/n' tried instead on input line 1.
LaTeX Font Info:    Font shape `JT1/mc/bx/n' in size <14.4> not available
(Font)              Font shape `JT1/gt/m/n' tried instead on input line 1.
LaTeX Font Info:    Font shape `JY1/mc/bx/n' in size <14.4> not available
(Font)              Font shape `JY1/gt/m/n' tried instead on input line 1.
 [1




]
LaTeX Font Info:    Font shape `JT1/mc/bx/n' in size <10> not available
(Font)              Font shape `JT1/gt/m/n' tried instead on input line 4.
LaTeX Font Info:    Font shape `JY1/mc/bx/n' in size <10> not available
(Font)              Font shape `JY1/gt/m/n' tried instead on input line 4.
 [0]
LaTeX Font Info:    Font shape `JT1/mc/bx/n' in size <20.74> not available
(Font)              Font shape `JT1/gt/m/n' tried instead on input line 23.
LaTeX Font Info:    Font shape `JY1/mc/bx/n' in size <20.74> not available
(Font)              Font shape `JY1/gt/m/n' tried instead on input line 23.

No file main.toc.
\tf@toc=\write3
\openout3 = `main.toc'.


LaTeX Font Warning: Font shape `JT1/mc/m/it' undefined
(Font)              using `JT1/mc/m/n' instead on input line 23.


LaTeX Font Warning: Font shape `JY1/mc/m/it' undefined
(Font)              using `JY1/mc/m/n' instead on input line 23.

LaTeX Font Info:    External font `cmex10' loaded for size
(Font)              <10.95> on input line 23.
LaTeX Font Info:    External font `cmex10' loaded for size
(Font)              <8> on input line 23.
LaTeX Font Info:    External font `cmex10' loaded for size
(Font)              <6> on input line 23.
[1

])
\openout2 = `Structure/Introduction.aux'.

 (./Structure/Introduction.tex
第 1 章

LaTeX Warning: Citation `IoT' on page 1 undefined on input line 9.

File: figures/IoT_device.eps Graphic file (type eps)
<figures/IoT_device.eps>

LaTeX Warning: Citation `Mirai' on page 1 undefined on input line 19.


LaTeX Warning: Citation `Dyn' on page 1 undefined on input line 19.


LaTeX Warning: Citation `newMirai' on page 1 undefined on input line 19.


LaTeX Warning: Citation `国立' on page 1 undefined on input line 19.

[1



] [2]
File: figures/s.eps Graphic file (type eps)
 <figures/s.eps> [3]) [4]
\openout2 = `Structure/Related_research.aux'.

 (./Structure/Related_research.tex
第 2 章

LaTeX Warning: Citation `攻撃性能評価を行った研究' on page 5 undefined on input line 6.


LaTeX Warning: Citation `観測と分析' on page 5 undefined on input line 8.


LaTeX Warning: Citation `パターン' on page 5 undefined on input line 14.


LaTeX Warning: Citation `挙動の差異' on page 5 undefined on input line 15.


LaTeX Warning: Citation `アノマリ手法' on page 5 undefined on input line 17.

[5



]) [6]
\openout2 = `Structure/symbol.aux'.

 (./Structure/symbol.tex
第 3 章

LaTeX Warning: Citation `code' on page 7 undefined on input line 8.

LaTeX Font Info:    Try loading font information for OML+cmr on input line 15.
(c:/texlive/2018/texmf-dist/tex/latex/base/omlcmr.fd
File: omlcmr.fd 2014/09/29 v2.5h Standard LaTeX font definitions
)
LaTeX Font Info:    Font shape `OML/cmr/m/n' in size <10.95> not available
(Font)              Font shape `OML/cmm/m/it' tried instead on input line 15.

Underfull \hbox (badness 10000) in paragraph at lines 15--16
[]\OT1/cmr/m/n/10.95 /bin/busybox wget
 []


Underfull \hbox (badness 10000) in paragraph at lines 15--16
\OT1/cmr/m/n/10.95 http://192.168.32.10:80/bins/mirai.x86
 []

File: figures/VM.eps Graphic file (type eps)
<figures/VM.eps>

LaTeX Warning: `h' float specifier changed to `ht'.

[7



] [8]
File: figures/system.eps Graphic file (type eps)
 <figures/system.eps> [9]
File: figures/CPU.eps Graphic file (type eps)
 <figures/CPU.eps>

LaTeX Warning: `h' float specifier changed to `ht'.

File: figures/mem.eps Graphic file (type eps)
<figures/mem.eps>

LaTeX Warning: `h' float specifier changed to `ht'.

) [10] [11]
\openout2 = `Structure/strace.aux'.

 (./Structure/strace.tex
第 4 章
[12



]

LaTeX Warning: Citation `Linux' on page 13 undefined on input line 36.

[13] [14]
File: figures/system.eps Graphic file (type eps)
 <figures/system.eps>) [15]
\openout2 = `Structure/Consider.aux'.

 (./Structure/Consider.tex
第 5 章
File: figures/test.eps Graphic file (type eps)
<figures/test.eps>
File: figures/test.eps Graphic file (type eps)
 <figures/test.eps> [16



]

LaTeX Warning: Citation `Cowrie' on page 17 undefined on input line 30.


LaTeX Warning: Citation `Virus' on page 17 undefined on input line 30.

[17] [18]) [19]
\openout2 = `Structure/Conclusion.aux'.

 (./Structure/Conclusion.tex
第 6 章
) [20



]
\openout2 = `Structure/Acknowledgments.aux'.

 (./Structure/Acknowledgments.tex) [21



]
\openout2 = `Structure/Reference.aux'.

 (./Structure/Reference.tex
Underfull \hbox (badness 3049) in paragraph at lines 4--5
[]\JY1/mc/m/n/10.95 総務省 ： \OT1/cmr/m/n/10.95 IoT \JY1/mc/m/n/10.95 デバイスの急速な普及 \OT1/cmr/m/n/10.95 , \JY1/mc/m/n/10.95 情報通信白書 （ オンライン ） \OT1/cmr/m/n/10.95 , \JY1/mc/m/n/10.95 入手先
 []


Overfull \hbox (30.44559pt too wide) in paragraph at lines 4--5
\OML/cmm/m/it/10.95 <\OT1/cmr/m/n/10.95 http://www.soumu.go.jp/johotsusintokei/whitepaper/ja/h30/html/nd111200.html\OML/cmm/m/it/10.95 >\OT1/cmr/m/n/10.95 (\JY1/mc/m/n/10.95 参
 []


Underfull \hbox (badness 3049) in paragraph at lines 24--25
[]\JY1/mc/m/n/10.95 総務省 ： \OT1/cmr/m/n/10.95 IoT \JY1/mc/m/n/10.95 デバイスの急速な普及 \OT1/cmr/m/n/10.95 , \JY1/mc/m/n/10.95 情報通信白書 （ オンライン ） \OT1/cmr/m/n/10.95 , \JY1/mc/m/n/10.95 入手先
 []


Overfull \hbox (30.44559pt too wide) in paragraph at lines 24--25
\OML/cmm/m/it/10.95 <\OT1/cmr/m/n/10.95 http://www.soumu.go.jp/johotsusintokei/whitepaper/ja/h30/html/nd111200.html\OML/cmm/m/it/10.95 >\OT1/cmr/m/n/10.95 (\JY1/mc/m/n/10.95 参
 []

[22



]) [23]
\openout2 = `Structure/Appendix.aux'.

 (./Structure/Appendix.tex
No file main.lof.
\tf@lof=\write4
\openout4 = `main.lof'.

[24



]
No file main.lot.
\tf@lot=\write5
\openout5 = `main.lot'.

) [25

] (./main.aux (./Structure/Overview.aux) (./Structure/Introduction.aux) (./Structure/Related_research.aux) (./Structure/symbol.aux) (./Structure/strace.aux) (./Structure/Consider.aux) (./Structure/Conclusion.aux) (./Structure/Acknowledgments.aux) (./Structure/Reference.aux) (./Structure/Appendix.aux))

LaTeX Font Warning: Some font shapes were not available, defaults substituted.


LaTeX Warning: There were undefined references.


LaTeX Warning: Label(s) may have changed. Rerun to get cross-references right.

 ) 
Here is how much of TeX's memory you used:
 854 strings out of 493281
 10693 string characters out of 6148127
 83491 words of memory out of 5000000
 4768 multiletter control sequences out of 15000+600000
 17885 words of font info for 69 fonts, out of 8000000 for 9000
 929 hyphenation exceptions out of 8191
 28i,10n,24p,2241b,380s stack positions out of 5000i,500n,10000p,200000b,80000s

Output written on main.dvi (28 pages, 82224 bytes).
